# JRE version: OpenJDK Runtime Environment (17.0.7) (build 17.0.7+0-b2043.56-10550314)
# Java VM: OpenJDK 64-Bit Server VM (17.0.7+0-b2043.56-10550314, mixed mode, tiered, compressed oops, compressed class ptrs, g1 gc, windows-amd64)
GC Precious Log:
 CPUs: 12 total, 12 available
 Memory: 16252M
 Large Page Support: Disabled
 NUMA Support: Disabled
 Compressed Oops: Enabled (32-bit)
 Heap Region Size: 1M
 Heap Min Capacity: 8M
 Heap Initial Capacity: 254M
 Heap Max Capacity: 2G
 Pre-touch: Disabled
 Parallel Workers: 10
 Concurrent Workers: 3
 Concurrent Refinement Workers: 10
 Periodic GC: Disabled
Heap:
 garbage-first heap   total 260096K, used 127533K [0x0000000080000000, 0x0000000100000000)
  region size 1024K, 8 young (8192K), 8 survivors (8192K)
 Metaspace       used 102678K, committed 103424K, reserved 1179648K
  class space    used 14125K, committed 14464K, reserved 1048576K
GC Heap History (20 events):
Event: 13.633 GC heap after
{Heap after GC invocations=39 (full 0):
 garbage-first heap   total 153600K, used 88400K [0x0000000080000000, 0x0000000100000000)
  region size 1024K, 5 young (5120K), 5 survivors (5120K)
 Metaspace       used 93992K, committed 94656K, reserved 1179648K
  class space    used 12988K, committed 13312K, reserved 1048576K
}
Event: 14.093 GC heap before
{Heap before GC invocations=40 (full 0):
 garbage-first heap   total 155648K, used 127312K [0x0000000080000000, 0x0000000100000000)
  region size 1024K, 43 young (44032K), 5 survivors (5120K)
 Metaspace       used 96059K, committed 96768K, reserved 1179648K
  class space    used 13293K, committed 13632K, reserved 1048576K
}
Event: 14.100 GC heap after
{Heap after GC invocations=41 (full 0):
 garbage-first heap   total 155648K, used 91744K [0x0000000080000000, 0x0000000100000000)
  region size 1024K, 6 young (6144K), 6 survivors (6144K)
 Metaspace       used 96059K, committed 96768K, reserved 1179648K
  class space    used 13293K, committed 13632K, reserved 1048576K
}
Event: 14.426 GC heap before
{Heap before GC invocations=41 (full 0):
 garbage-first heap   total 155648K, used 128608K [0x0000000080000000, 0x0000000100000000)
  region size 1024K, 42 young (43008K), 6 survivors (6144K)
 Metaspace       used 96424K, committed 97088K, reserved 1179648K
  class space    used 13326K, committed 13632K, reserved 1048576K
}
Event: 14.435 GC heap after
{Heap after GC invocations=42 (full 0):
 garbage-first heap   total 155648K, used 97491K [0x0000000080000000, 0x0000000100000000)
  region size 1024K, 6 young (6144K), 6 survivors (6144K)
 Metaspace       used 96424K, committed 97088K, reserved 1179648K
  class space    used 13326K, committed 13632K, reserved 1048576K
}
Event: 14.839 GC heap before
{Heap before GC invocations=43 (full 0):
 garbage-first heap   total 176128K, used 128211K [0x0000000080000000, 0x0000000100000000)
  region size 1024K, 36 young (36864K), 6 survivors (6144K)
 Metaspace       used 97694K, committed 98368K, reserved 1179648K
  class space    used 13567K, committed 13888K, reserved 1048576K
}
Event: 14.847 GC heap after
{Heap after GC invocations=44 (full 0):
 garbage-first heap   total 176128K, used 102138K [0x0000000080000000, 0x0000000100000000)
  region size 1024K, 5 young (5120K), 5 survivors (5120K)
 Metaspace       used 97694K, committed 98368K, reserved 1179648K
  class space    used 13567K, committed 13888K, reserved 1048576K
}
Event: 15.284 GC heap before
{Heap before GC invocations=44 (full 0):
 garbage-first heap   total 176128K, used 143098K [0x0000000080000000, 0x0000000100000000)
  region size 1024K, 45 young (46080K), 5 survivors (5120K)
 Metaspace       used 98674K, committed 99392K, reserved 1179648K
  class space    used 13738K, committed 14080K, reserved 1048576K
}
Event: 15.292 GC heap after
{Heap after GC invocations=45 (full 0):
 garbage-first heap   total 176128K, used 106606K [0x0000000080000000, 0x0000000100000000)
  region size 1024K, 5 young (5120K), 5 survivors (5120K)
 Metaspace       used 98674K, committed 99392K, reserved 1179648K
  class space    used 13738K, committed 14080K, reserved 1048576K
}
Event: 15.661 GC heap before
{Heap before GC invocations=46 (full 0):
 garbage-first heap   total 196608K, used 143470K [0x0000000080000000, 0x0000000100000000)
  region size 1024K, 42 young (43008K), 5 survivors (5120K)
 Metaspace       used 98910K, committed 99584K, reserved 1179648K
  class space    used 13747K, committed 14080K, reserved 1048576K
}
Event: 15.668 GC heap after
{Heap after GC invocations=47 (full 0):
 garbage-first heap   total 236544K, used 109403K [0x0000000080000000, 0x0000000100000000)
  region size 1024K, 3 young (3072K), 3 survivors (3072K)
 Metaspace       used 98910K, committed 99584K, reserved 1179648K
  class space    used 13747K, committed 14080K, reserved 1048576K
}
Event: 15.723 GC heap before
{Heap before GC invocations=47 (full 0):
 garbage-first heap   total 236544K, used 116571K [0x0000000080000000, 0x0000000100000000)
  region size 1024K, 11 young (11264K), 3 survivors (3072K)
 Metaspace       used 99006K, committed 99712K, reserved 1179648K
  class space    used 13759K, committed 14080K, reserved 1048576K
}
Event: 15.728 GC heap after
{Heap after GC invocations=48 (full 0):
 garbage-first heap   total 236544K, used 109776K [0x0000000080000000, 0x0000000100000000)
  region size 1024K, 1 young (1024K), 1 survivors (1024K)
 Metaspace       used 99006K, committed 99712K, reserved 1179648K
  class space    used 13759K, committed 14080K, reserved 1048576K
}
Event: 16.300 GC heap before
{Heap before GC invocations=48 (full 0):
 garbage-first heap   total 236544K, used 188624K [0x0000000080000000, 0x0000000100000000)
  region size 1024K, 78 young (79872K), 1 survivors (1024K)
 Metaspace       used 99584K, committed 100288K, reserved 1179648K
  class space    used 13798K, committed 14144K, reserved 1048576K
}
Event: 16.308 GC heap after
{Heap after GC invocations=49 (full 0):
 garbage-first heap   total 236544K, used 114983K [0x0000000080000000, 0x0000000100000000)
  region size 1024K, 6 young (6144K), 6 survivors (6144K)
 Metaspace       used 99584K, committed 100288K, reserved 1179648K
  class space    used 13798K, committed 14144K, reserved 1048576K
}
Event: 16.862 GC heap before
{Heap before GC invocations=50 (full 0):
 garbage-first heap   total 236544K, used 194855K [0x0000000080000000, 0x0000000100000000)
  region size 1024K, 80 young (81920K), 6 survivors (6144K)
 Metaspace       used 101415K, committed 102144K, reserved 1179648K
  class space    used 13963K, committed 14336K, reserved 1048576K
}
Event: 16.875 GC heap after
{Heap after GC invocations=51 (full 0):
 garbage-first heap   total 236544K, used 120712K [0x0000000080000000, 0x0000000100000000)
  region size 1024K, 6 young (6144K), 6 survivors (6144K)
 Metaspace       used 101415K, committed 102144K, reserved 1179648K
  class space    used 13963K, committed 14336K, reserved 1048576K
}
Event: 16.890 GC heap before
{Heap before GC invocations=51 (full 0):
 garbage-first heap   total 236544K, used 124808K [0x0000000080000000, 0x0000000100000000)
  region size 1024K, 11 young (11264K), 6 survivors (6144K)
 Metaspace       used 101472K, committed 102208K, reserved 1179648K
  class space    used 13974K, committed 14336K, reserved 1048576K
}
Event: 16.897 GC heap after
{Heap after GC invocations=52 (full 0):
 garbage-first heap   total 236544K, used 121145K [0x0000000080000000, 0x0000000100000000)
  region size 1024K, 1 young (1024K), 1 survivors (1024K)
 Metaspace       used 101472K, committed 102208K, reserved 1179648K
  class space    used 13974K, committed 14336K, reserved 1048576K
}
Event: 19.049 GC heap before
{Heap before GC invocations=52 (full 0):
 garbage-first heap   total 236544K, used 191801K [0x0000000080000000, 0x0000000100000000)
  region size 1024K, 71 young (72704K), 1 survivors (1024K)
 Metaspace       used 102678K, committed 103424K, reserved 1179648K
  class space    used 14125K, committed 14464K, reserved 1048576K
}

